<?xml version="1.0" encoding="UTF-8"?>
<!-- Generated by org.testng.reporters.JUnitXMLReporter -->
<testsuite ignored="0" hostname="ThivakarDeivendran" failures="1" tests="5" name="Test" time="70.952" errors="0" timestamp="2024-06-03T16:20:44 IST">
  <testcase classname="testScriptPackage.TicketNewTestClass" name="titleMethod" time="27.047"/>
  <testcase classname="testScriptPackage.TicketNewTestClass" name="chooseMovieMethod" time="15.833"/>
  <testcase classname="testScriptPackage.TicketNewTestClass" name="MovieTheatreAndTimeMethod" time="8.761"/>
  <testcase classname="testScriptPackage.TicketNewTestClass" name="SelectSeatMethod" time="6.317"/>
  <testcase classname="testScriptPackage.TicketNewTestClass" name="bookTicketConfirmMethod" time="12.63">
    <failure type="java.lang.AssertionError" message="The following asserts failed:
	User Movie is not Clicked expected [Garudan] but found [PT Sir]">
      <![CDATA[java.lang.AssertionError: The following asserts failed:
User Movie is not Clicked expected [Garudan] but found [PT Sir]
at testScriptPackage.TicketNewTestClass.bookTicketConfirmMethod(TicketNewTestClass.java:116)
at java.base/java.util.ArrayList.forEach(ArrayList.java:1541)
... Removed 29 stack frames]]>
    </failure>
  </testcase> <!-- bookTicketConfirmMethod -->
</testsuite> <!-- Test -->
